<?xml version="1.0" encoding="UTF-8"?>
<robot generator="Robot 4.0 (Python 3.7.6 on win32)" generated="20210426 02:08:56.862" rpa="false" schemaversion="2">
<suite id="s1" name="Users" source="C:\Users\ferdi\UserAccountsProject\UserAccounts\users">
<suite id="s1-s1" name="Test1" source="C:\Users\ferdi\UserAccountsProject\UserAccounts\users\test1.robot">
<test id="s1-s1-t1" name="My Test">
<kw name="Log" library="BuiltIn">
<arg>${MESSAGE}</arg>
<doc>Logs the given message with the given level.</doc>
<msg timestamp="20210426 02:08:56.937" level="INFO">Hello, world!</msg>
<status status="PASS" starttime="20210426 02:08:56.937" endtime="20210426 02:08:56.937"/>
</kw>
<kw name="My Keyword">
<arg>C:\\Users\\ferdi\\UserAccountsProject\\UserAccounts\\users</arg>
<kw name="Directory Should Exist" library="OperatingSystem">
<arg>${path}</arg>
<doc>Fails unless the given path points to an existing directory.</doc>
<msg timestamp="20210426 02:08:56.938" level="INFO" html="true">Directory '&lt;a href="file://C:\Users\ferdi\UserAccountsProject\UserAccounts\users"&gt;C:\Users\ferdi\UserAccountsProject\UserAccounts\users&lt;/a&gt;' exists.</msg>
<status status="PASS" starttime="20210426 02:08:56.938" endtime="20210426 02:08:56.939"/>
</kw>
<status status="PASS" starttime="20210426 02:08:56.938" endtime="20210426 02:08:56.939"/>
</kw>
<doc>Example test.</doc>
<status status="PASS" starttime="20210426 02:08:56.936" endtime="20210426 02:08:56.939"/>
</test>
<test id="s1-s1-t2" name="Another Test">
<kw name="Should Be Equal" library="BuiltIn">
<arg>${MESSAGE}</arg>
<arg>Hello, world!</arg>
<doc>Fails if the given objects are unequal.</doc>
<status status="PASS" starttime="20210426 02:08:56.940" endtime="20210426 02:08:56.940"/>
</kw>
<status status="PASS" starttime="20210426 02:08:56.939" endtime="20210426 02:08:56.940"/>
</test>
<doc>Example using the space separated format.</doc>
<status status="PASS" starttime="20210426 02:08:56.925" endtime="20210426 02:08:56.941"/>
</suite>
<status status="PASS" starttime="20210426 02:08:56.903" endtime="20210426 02:08:56.943"/>
</suite>
<statistics>
<total>
<stat pass="2" fail="0" skip="0">All Tests</stat>
</total>
<tag>
</tag>
<suite>
<stat pass="2" fail="0" skip="0" id="s1" name="Users">Users</stat>
<stat pass="2" fail="0" skip="0" id="s1-s1" name="Test1">Users.Test1</stat>
</suite>
</statistics>
<errors>
</errors>
</robot>
