<?xml version="1.0" encoding="UTF-8"?>
<robot generator="Robot 4.0 (Python 3.7.6 on win32)" generated="20210426 02:48:38.473" rpa="false" schemaversion="2">
<suite id="s1" name="Users" source="C:\Users\ferdi\UserAccountsProject\UserAccounts\users">
<suite id="s1-s1" name="Test1" source="C:\Users\ferdi\UserAccountsProject\UserAccounts\users\test1.robot">
<test id="s1-s1-t1" name="Get_All_Users_Accounts">
<kw name="GET" library="RequestsLibrary">
<var>${response}</var>
<arg>${base_url}/Accounts</arg>
<doc>Sends a GET request.</doc>
<msg timestamp="20210426 02:48:39.086" level="INFO">GET Request : url=http://localhost:8080/Accounts 
 path_url=/Accounts 
 headers={'User-Agent': 'python-requests/2.22.0', 'Accept-Encoding': 'gzip, deflate', 'Accept': '*/*', 'Connection': 'keep-alive'} 
 body=None 
 </msg>
<msg timestamp="20210426 02:48:39.086" level="INFO">GET Response : url=http://localhost:8080/Accounts 
 status=200, reason= 
 headers={'Content-Type': 'text/html;charset=UTF-8', 'Content-Language': 'en-US', 'Transfer-Encoding': 'chunked', 'Date': 'Sun, 25 Apr 2021 23:48:39 GMT', 'Keep-Alive': 'timeout=60', 'Connection': 'keep-alive'} 
 body=&lt;html&gt;
  &lt;head&gt;
    &lt;meta charset="utf-8"&gt;
    &lt;meta name="viewport" content="width=device-width, initial-scale=1, shrink-to-fit=no"&gt;
    &lt;meta name="description" content=""&gt;
    &lt;meta name="author" content=""&gt;
    &lt;title&gt;User Accounts | Nokia&lt;/title&gt;

    &lt;!-- Bootstrap core CSS --&gt;
   &lt;link href="/css/bootstrap.css" rel="stylesheet"&gt;
   &lt;link href="/css/bootstrap.min.css" rel="stylesheet"&gt;

    &lt;!-- Custom styles for this template --&gt;
    &lt;link href="/css/index.css" rel="stylesheet"&gt;
    &lt;link rel="stylesheet" href="https://cdn.datatables.net/1.10.19/css/jquery.dataTables.min.css" /&gt;
    &lt;script src="https://code.jquery.com/jquery-3.6.0.js"&gt;&lt;/script&gt;
     &lt;script src="https://code.jquery.com/jquery-3.3.1.js"&gt;&lt;/script&gt;
 
  &lt;/head&gt;

  &lt;body&gt;

    &lt;div class="d-flex flex-column flex-md-row align-items-center p-3 px-md-4 mb-3 bg-white border-bottom box-shadow"&gt;
      &lt;h5 class="my-0 mr-md-auto font-weight-normal"&gt;User Accounts&lt;/h5&gt;
      &lt;nav class="my-2 my-md-0 mr-md-3"&gt;
        &lt;a class="p-2 text-dark" href="/Home"&gt;Home&lt;/a&gt;
      &lt;/nav&gt;
    &lt;/div&gt;

    &lt;div class="pricing-header px-3 py-3 pt-md-5 pb-md-4 mx-auto text-center"&gt;
      &lt;h1 class="display-4"&gt;Accounts&lt;/h1&gt;
      &lt;p class="lead"&gt;&lt;/p&gt;
    &lt;/div&gt;

    &lt;div class="container" style="max-width: 1398px;"&gt;
      &lt;div class="card-deck mb-3 text-center" style="flex-flow: column;"&gt;
        &lt;table class="table table1" id="selectedRow"&gt;
          &lt;thead class="thead-dark"&gt;
            &lt;tr&gt;
              &lt;th scope="col"&gt;Id&lt;/th&gt;
              &lt;th scope="col"&gt;Name&lt;/th&gt;
              &lt;th scope="col"&gt;Phone&lt;/th&gt;
              &lt;th scope="col"&gt;Email&lt;/th&gt;
              &lt;th scope="col"&gt;Address&lt;/th&gt;
              &lt;th scope="col"&gt;Country&lt;/th&gt;
              &lt;th scope="col"&gt;Department&lt;/th&gt;
            &lt;/tr&gt;
          &lt;/thead&gt;
          &lt;tbody&gt;
            &lt;tr&gt;
              &lt;td&gt;254876859&lt;/td&gt;
              &lt;td class="name"&gt;ererdi&lt;/td&gt;
              &lt;td class="phone"&gt;538454&lt;/td&gt;
              &lt;td class="email"&gt;ferdi_blus@hotmail.com&lt;/td&gt;
              &lt;td class="address"&gt;italy avenue sultansuyu street no 54:3&lt;/td&gt;
              &lt;td class="country"&gt;italy&lt;/td&gt;
              &lt;td class="dept"&gt;Engineeer&lt;/td&gt;
            &lt;/tr&gt;
            &lt;tr&gt;
              &lt;td&gt;552280722&lt;/td&gt;
              &lt;td class="name"&gt;ferdi&lt;/td&gt;
              &lt;td class="phone"&gt;538454&lt;/td&gt;
              &lt;td class="email"&gt;ferdi_blus@hotmail.com&lt;/td&gt;
              &lt;td class="address"&gt;italy avenue sultansuyu street no 54:3 Istanbul TURKEY&lt;/td&gt;
              &lt;td class="country"&gt;italy&lt;/td&gt;
              &lt;td class="dept"&gt;IT&lt;/td&gt;
            &lt;/tr&gt;
          &lt;/tbody&gt;
        &lt;/table&gt;
      &lt;/div&gt;
      &lt;button type="button" class="btn btn-primary" data-toggle="modal" data-target="#exampleModal" data-whatever="Add"&gt;Add&lt;/button&gt;
      &lt;button type="button" class="btn btn-primary" data-toggle="modal" data-target="#exampleModal" data-whatever="Update" title="Select An Account"&gt;Update&lt;/button&gt;
      &lt;button type="button" class="btn btn-primary" data-toggle="modal" data-target="#exampleModal" data-whatever="Delete" title="Select An Account"&gt;Delete&lt;/button&gt;

      &lt;div class="modal fade" id="exampleModal" tabindex="-1" role="dialog" aria-labelledby="exampleModalLabel" aria-hidden="true"&gt;
        &lt;div class="modal-dialog" role="document"&gt;
          &lt;div class="modal-content"&gt;
            &lt;div class="modal-header"&gt;
              &lt;h5 class="modal-title" id="exampleModalLabel"&gt;&lt;/h5&gt;
              &lt;button type="button" class="close" data-dismiss="modal" aria-label="Close"&gt;
                &lt;span aria-hidden="true"&gt;&amp;times;&lt;/span&gt;
              &lt;/button&gt;
            &lt;/div&gt;
            &lt;div class="modal-body"&gt;
              &lt;form&gt;
                &lt;div class="form-group"&gt;
                  &lt;label for="recipient-name" class="col-form-label"&gt;Name:&lt;/label&gt;
                  &lt;input type="text" class="form-control" id="username"&gt;
                &lt;/div&gt;
                &lt;div class="form-group"&gt;
                  &lt;label for="recipient-name" class="col-form-label"&gt;Phone:&lt;/label&gt;
                  &lt;input type="text" class="form-control" id="userphone"&gt;
                &lt;/div&gt;
                &lt;div class="form-group"&gt;
                  &lt;label for="recipient-name" class="col-form-label"&gt;Email:&lt;/label&gt;
                  &lt;input type="text" class="form-control" id="useremail"&gt;
                &lt;/div&gt;
                &lt;div class="form-group"&gt;
                  &lt;label for="recipient-name" class="col-form-label"&gt;Address:&lt;/label&gt;
                  &lt;input class="form-control" id="useraddress"&gt;
                &lt;/div&gt;
                &lt;div class="form-group"&gt;
                  &lt;label for="recipient-name" class="col-form-label"&gt;Country:&lt;/label&gt;
                  &lt;input type="text" class="form-control" id="usercountry"&gt; 
                &lt;/div&gt;
                &lt;div class="form-group"&gt;
                  &lt;label for="message-text" class="col-form-label"&gt;Department:&lt;/label&gt;
                  &lt;input type="text" class="form-control" id="userdept"&gt;
                &lt;/div&gt;
               
                &lt;div class="modal-footer"&gt;
		              &lt;button type="button" class="btn btn-secondary" data-dismiss="modal"&gt;Close&lt;/button&gt;
		              &lt;button type="button" class="btn btn-primary"&gt;Add&lt;/button&gt;
		              &lt;button type="button" class="btn btn-primary"&gt;Update&lt;/button&gt;
		              &lt;button type="button" class="btn btn-primary"&gt;Delete&lt;/button&gt;
           		&lt;/div&gt;
              &lt;/form&gt;
              &lt;/div&gt;
            &lt;/div&gt;
        &lt;/div&gt;
      &lt;/div&gt;

      &lt;footer class="mastfoot mt-auto" style="text-align: center; position: fixed; left: 0; bottom: 0; width: 100%;"&gt;
        &lt;div class="inner"&gt;
          &lt;p&gt;Show more details about this application &lt;a href="https://github.com/ferdibulus/UserAccounts"&gt;Github&lt;/a&gt;, by &lt;a href="https://github.com/ferdibulus"&gt;@ferdibulus&lt;/a&gt;.&lt;/p&gt;
        &lt;/div&gt;
      &lt;/footer&gt;
    &lt;/div&gt;
    &lt;script src="https://code.jquery.com/jquery-3.2.1.slim.min.js" integrity="sha384-KJ3o2DKtIkvYIK3UENzmM7KCkRr/rE9/Qpg6aAZGJwFDMVNA/GpGFF93hXpG5KkN" crossorigin="anonymous"&gt;&lt;/script&gt;
    &lt;script src="/js/bootstrap.min.js"&gt;&lt;/script&gt;
    &lt;script src="https://cdn.datatables.net/1.10.24/js/jquery.dataTables.min.js"&gt;&lt;/script&gt;
    &lt;script&gt;
    
	    $(document).ready(function () {
	        var table = $('#selectedRow').DataTable();
	        $('#selectedRow tbody').on('click', 'tr', function () {
	            if ($(this).hasClass('selected')) {
	                $(this).removeClass('selected');
	            }
	            else {
	                table.$('tr.selected').removeClass('selected');
	                $(this).addClass('selected');
	            }
	        });
	    });
	    
	    
        var id= "";
        var name = "";
        var phone = "";
        var email = "";
        var address = "";
        var country = "";
        var dept = "";


        $(document).ready(function () {
            $('tr').click(function () {
              id = $(this).find('td:first-child').html() + '\n';
              name = $(this).find('td:nth-child(2)').html() + '\n';
              phone = $(this).find('td:nth-child(3)').html() + '\n';
              email = $(this).find('td:nth-child(4)').html() + '\n';
              address = $(this).find('td:nth-child(5)').html() + '\n';
              country = $(this).find('td:nth-child(6)').html() + '\n';
              dept = $(this).find('td:nth-child(7)').html() + '\n';
            });
          });

          $('#exampleModal').on('show.bs.modal', function (event) {
              var button = $(event.relatedTarget)
              var recipient = button.data('whatever') 
              var modal = $(this)
              modal.find('.modal-title').text('User Account Operations')

              if(recipient != "Add"){
                document.getElementById("username").value = name;
                document.getElementById("userphone").value = phone;
                document.getElementById("useremail").value = email;
                document.getElementById("useraddress").value = address;
                document.getElementById("usercountry").value = country;
                document.getElementById("userdept").value = dept;
              }else{
                document.getElementById("username").value = "";
                document.getElementById("userphone").value = "";
                document.getElementById("useremail").value = "";
                document.getElementById("useraddress").value = "";
                document.getElementById("usercountry").value = "";
                document.getElementById("userdept").value = "";
              }
              
          })
    &lt;/script&gt;
  &lt;/body&gt;
&lt;/html&gt;
 
 </msg>
<msg timestamp="20210426 02:48:39.087" level="INFO">${response} = &lt;Response [200]&gt;</msg>
<status status="PASS" starttime="20210426 02:48:38.678" endtime="20210426 02:48:39.087"/>
</kw>
<kw name="Log To Console" library="BuiltIn">
<arg>${response.status_code}</arg>
<doc>Logs the given message to the console.</doc>
<status status="PASS" starttime="20210426 02:48:39.087" endtime="20210426 02:48:39.088"/>
</kw>
<kw name="Log To Console" library="BuiltIn">
<arg>${response.content}</arg>
<doc>Logs the given message to the console.</doc>
<status status="PASS" starttime="20210426 02:48:39.088" endtime="20210426 02:48:39.089"/>
</kw>
<kw name="Log To Console" library="BuiltIn">
<arg>${response.headers}</arg>
<doc>Logs the given message to the console.</doc>
<status status="PASS" starttime="20210426 02:48:39.089" endtime="20210426 02:48:39.090"/>
</kw>
<status status="PASS" starttime="20210426 02:48:38.677" endtime="20210426 02:48:39.090"/>
</test>
<status status="PASS" starttime="20210426 02:48:38.534" endtime="20210426 02:48:39.091"/>
</suite>
<status status="PASS" starttime="20210426 02:48:38.513" endtime="20210426 02:48:39.092"/>
</suite>
<statistics>
<total>
<stat pass="1" fail="0" skip="0">All Tests</stat>
</total>
<tag>
</tag>
<suite>
<stat pass="1" fail="0" skip="0" id="s1" name="Users">Users</stat>
<stat pass="1" fail="0" skip="0" id="s1-s1" name="Test1">Users.Test1</stat>
</suite>
</statistics>
<errors>
</errors>
</robot>
